 IBM Personal Computer MACRO Assembler   Version 2.00  	Page	1-1
	 	 	 	 	 	 	 	04-09-:8    


 	 	 	 	;Program to carry out BCD to Binary conversion.
 	 	 	 	;THE STORED CONSTANT NUMBER (23) IN THIS CASE I
	 	 	 	S INTERPRETED BY THE ASSEMBLER
 	 	 	 	;AS HEX (17). SO THE STORED NUMBER IS 17 (IN TH
	 	 	 	E PROGRAM).
 	 	 	 	;THE PROGRAM INTERPRETES THIS NUMBER AS DECIMAL
	 	 	 	.SO THE PROGRAM SEES THIS
 	 	 	 	;NUMBER AS 17 (BASE 10) WHICH IS EQUIVALENT OF 
	 	 	 	11 (BASE 16).SO THE FINAL
 	 	 	 	;ANSWER PRODUCED IS 11.
 	 	 	 	;E.G. IF THE STORED NUMBER WERE CHANGED TO (SAY
	 	 	 	) 64. THIS WILL BE STORED AS
 	 	 	 	;40 (BASE 16) BY THE ASSEMBLER. THE PROGRAM WIL
	 	 	 	L INTERPRET THIS NUMBER AS
 	 	 	 	;40 (BASE 10) AND WILL CONVERT IT TO 28 (BASE 1
	 	 	 	6)
 	 	 	 	
 	 	 	 	; THE BCDBIN PROCEDURE IN THIS PROGRAM TAKES TH
	 	 	 	E ARGUMENT ON STACK.
 	 	 	 	
 0000	 	 	 	COMSEG SEGMENT
 	 	 	 	 	ASSUME CS:COMSEG, DS:COMSEG, SS:COMSEG,
	 	 	 	 ES:COMSEG
 	 	 	 	 	
 0100	 	 	 	 	ORG 0100H	 	 	;ORG FO
	 	 	 	R COM STRUCTURED PROGRAMS (ALL SEGMENTS IN ONE 
	 	 	 	SEGMENT
 	 	 	 	 	 	 	 	 	
 	 	 	 	 	;AND PROGRAM MAXIMUM SIZE 64KbYTES.)
 	 	 	 	 	
 0100	 	 	 	START:
 0100  EB 03 90	 	 	 	JMP SKIP_DATA	 	;SKIP OVER DATA
	 	 	 	 DECLARATIONS
 	 	 	 	
 	 	 	 	;--------------DEFINE DATA SIZES AND NAMES-----
	 	 	 	---
 	 	 	 	
 0103  17	 	 	BCD DB 23
 0104  ??	 	 	BIN DB ?
 	 	 	 	
 	 	 	 	;--------------END OF DATA DEFINITION----------
	 	 	 	---
 	 	 	 	
 0105	 	 	 	SKIP_DATA:
 0105  B8 10FF	 	 	 	MOV AX,10FFH
 0108  8B E0	 	 	 	MOV SP,AX
 	 	 	 	 	
 010A  B8 0000	 	 	 	MOV AX,0000H
 010D  8E D0	 	 	 	MOV SS,AX
 010F  8E C0	 	 	 	MOV ES,AX
 	 	 	 	 	
 0111  0E	 	 	 	PUSH CS
 0112  1F	 	 	 	POP DS
 	 	 	 	 	
 IBM Personal Computer MACRO Assembler   Version 2.00  	Page	1-2
	 	 	 	 	 	 	 	04-09-:8    


 0113  90	 	 	 	NOP
 0114  90	 	 	 	NOP
 0115  90	 	 	 	NOP
 	 	 	 	 	
 0116  A0 0103 R	 	 	MOV AL,BCD
 0119  50	 	 	 	PUSH AX
 011A  E8 0123 R	 	 	CALL BCDBIN
 	 	 	 	 	
 011D  58	 	 	 	POP AX
 011E  A2 0104 R	 	 	MOV BIN,AL
 	 	 	 	 	
 0121  CD A5	 	 	 	INT 0A5H
 	 	 	 	 	
 	 	 	 	;-------------END OF MAIN PROGRAM--------
 	 	 	 	
 0123	 	 	 	 	BCDBIN PROC NEAR
 	 	 	 	 	
 0123  9C	 	 	 	PUSHF
 0124  50	 	 	 	PUSH AX
 0125  53	 	 	 	PUSH BX
 0126  51	 	 	 	PUSH CX
 0127  55	 	 	 	PUSH BP
 0128  8B EC	 	 	 	MOV BP,SP
 012A  8B 46 0C	 	 	 	MOV AX,[BP+12]
 012D  8A D8	 	 	 	MOV BL,AL
 012F  80 E3 0F	 	 	 	AND BL,0FH
 0132  24 F0	 	 	 	AND AL,0F0H
 0134  B1 04	 	 	 	MOV CL,04
 0136  D2 C8	 	 	 	ROR AL,CL
 0138  B7 0A	 	 	 	MOV BH,0AH
 013A  F6 E7	 	 	 	MUL BH
 013C  02 C3	 	 	 	ADD AL,BL
 013E  89 46 0C	 	 	 	MOV [BP+12],AX
 	 	 	 	 	
 0141  5D	 	 	 	POP BP
 0142  59	 	 	 	POP CX
 0143  5B	 	 	 	POP BX
 0144  58	 	 	 	POP AX
 0145  9D	 	 	 	POPF
 0146  C3	 	 	 	RET
 	 	 	 	 	
 0147	 	 	 	 	BCDBIN ENDP
 	 	 	 	 	
 0147	 	 	 	COMSEG ENDS
 	 	 	 	END START

 IBM Personal Computer MACRO Assembler   Version 2.00  	Page	Symbols
	 	 	 	-1
	 	 	 	 	 	 	 	04-09-:8    


Segments and Groups:

	 	N a m e	 	 	Size	Align	Combine	Class

COMSEG . . . . . . . . . . . . .	0147	PARA  	NONE	

Symbols:            

	 	N a m e	 	 	Type	Value	Attr         

BCD. . . . . . . . . . . . . . .	L BYTE 	0103	COMSEG
BCDBIN . . . . . . . . . . . . .	N PROC	0123	COMSEG	Length =0024
BIN. . . . . . . . . . . . . . .	L BYTE 	0104	COMSEG
SKIP_DATA. . . . . . . . . . . .	L NEAR 	0105	COMSEG
START. . . . . . . . . . . . . .	L NEAR 	0100	COMSEG

50092 Bytes free   

Warning Severe
Errors	Errors 
0	0
