 IBM Personal Computer MACRO Assembler   Version 2.00  	Page	1-1
	 	 	 	 	 	 	 	04-03-:8    


 	 	 	 	;SORT A DATA SET USING BUBBLE SORT.
 	 	 	 	;SORTING IS IN ASCENDING ORDER. i.e. SMALLEST D
	 	 	 	ATA AT TOP AND LARGEST
 	 	 	 	;DATA AT BOTTOM.
 	 	 	 	;TO CHANGE THIS BEHAVIOR REVERSE THE ORDER OF O
	 	 	 	PERANDS FOR CMP INSTRUCTION
 	 	 	 	;IN THE INLUP.
 	 	 	 	 	
 0000	 	 	 	COMSEG SEGMENT
 	 	 	 	 	ASSUME CS:COMSEG, DS:COMSEG, SS:COMSEG,
	 	 	 	 ES:COMSEG
 	 	 	 	 	
 0100	 	 	 	 	ORG 0100H	 	 	;ORG FO
	 	 	 	R COM STRUCTURED PROGRAMS (ALL SEGMENTS IN ONE 
	 	 	 	SEGMENT
 	 	 	 	 	 	 	 	 	
 	 	 	 	 	;AND PROGRAM MAXIMUM SIZE 64KBYTES.)
 	 	 	 	 	
 0100	 	 	 	START:
 0100  EB 0B 90	 	 	 	JMP SKIP_DATA	 	;SKIP OVER DATA
	 	 	 	 DECLARATIONS
 	 	 	 	
 	 	 	 	;--------------DEFINE DATA SIZES AND NAMES-----
	 	 	 	---
 	 	 	 	
 0103  0010 0009 0006 0001	ARR DW 10H,09H,06H,01H
 010B  0004	 	 	SIZ DW 4
 	 	 	 	
 	 	 	 	;--------------END OF DATA DEFINITION----------
	 	 	 	---	
 010D	 	 	 	SKIP_DATA:
 010D  B8 10FF	 	 	 	MOV AX,10FFH
 0110  8B E0	 	 	 	MOV SP,AX
 	 	 	 	 	
 0112  B8 0000	 	 	 	MOV AX,0000H
 0115  8E D0	 	 	 	MOV SS,AX
 0117  8E C0	 	 	 	MOV ES,AX
 	 	 	 	 	
 0119  0E	 	 	 	PUSH CS
 011A  1F	 	 	 	POP DS
 	 	 	 	 	
 011B  90	 	 	 	NOP
 011C  90	 	 	 	NOP
 011D  90	 	 	 	NOP	
 	 	 	 	 	
 011E  8B 1E 010B R	 	 	MOV BX,SIZ
 0122  4B	 	 	    DEC BX      ;BX=NO OF PASSES NEEDED TO COMP
	 	 	 	LETE SORTING(N-1) 
 0123	 	 	 	OUTLUP: 
 0123  8B CB	 	 	    MOV CX,BX   ;CX=NO OF COMPARISIONS TO BE PE
	 	 	 	RFORMED IN A PASS 
 0125  BE 0000	 	 	    MOV SI,0 
 0128	 	 	 	INLUP: 
 0128  8B 84 0103 R	 	    MOV AX,ARR[SI] 
 IBM Personal Computer MACRO Assembler   Version 2.00  	Page	1-2
	 	 	 	 	 	 	 	04-03-:8    


 012C  46	 	 	    INC SI
 012D  46	 	 	 	INC SI
 012E  3B 84 0103 R	 	    CMP AX,ARR[SI] 
 0132  72 08	 	 	    JB GO_ON 
 0134  87 84 0103 R	 	    XCHG AX,ARR[SI] 
 0138  89 84 0101 R	 	    MOV ARR[SI-2],AX 
 013C	 	 	 	GO_ON: 
 013C  E2 EA	 	 	    LOOP INLUP  ;DEC CX,UNTIL CX=0 
 013E  4B	 	 	    DEC BX
 013F  75 E2	 	 	    JNZ OUTLUP
 0141  CD A5	 	 	 	INT 0A5H
 	 	 	 	
 0143	 	 	 	COMSEG ENDS	
 	 	 	 	END START

 IBM Personal Computer MACRO Assembler   Version 2.00  	Page	Symbols
	 	 	 	-1
	 	 	 	 	 	 	 	04-03-:8    


Segments and Groups:

	 	N a m e	 	 	Size	Align	Combine	Class

COMSEG . . . . . . . . . . . . .	0143	PARA  	NONE	

Symbols:            

	 	N a m e	 	 	Type	Value	Attr         

ARR. . . . . . . . . . . . . . .	L WORD 	0103	COMSEG
GO_ON. . . . . . . . . . . . . .	L NEAR 	013C	COMSEG
INLUP. . . . . . . . . . . . . .	L NEAR 	0128	COMSEG
OUTLUP . . . . . . . . . . . . .	L NEAR 	0123	COMSEG
SIZ. . . . . . . . . . . . . . .	L WORD 	010B	COMSEG
SKIP_DATA. . . . . . . . . . . .	L NEAR 	010D	COMSEG
START. . . . . . . . . . . . . .	L NEAR 	0100	COMSEG

50092 Bytes free   

Warning Severe
Errors	Errors 
0	0
