 IBM Personal Computer MACRO Assembler   Version 2.00  	Page	1-1
	 	 	 	 	 	 	 	04-03-:8    


 	 	 	 	; PROGRAM TO CARRY OUT INSERTION SORT ALGORITHM
	 	 	 	 ON AN ARRAY.
 	 	 	 	; SORTING IS IN ASCENDING ORDER. i.e. SMALLEST 
	 	 	 	ELEMENT AT TOP AND
 	 	 	 	; LARGEST ELEMENT AT BOTTOM. TO CHANGE THIS CHA
	 	 	 	NGE THE JBE INSTRUCTION ON
 	 	 	 	; LINE 55 TO JGE.
 	 	 	 	
 0000	 	 	 	COMSEG SEGMENT
 	 	 	 	 	ASSUME CS:COMSEG, DS:COMSEG, SS:COMSEG,
	 	 	 	 ES:COMSEG
 	 	 	 	 	
 0100	 	 	 	 	ORG 0100H	 	 	;ORG FO
	 	 	 	R COM STRUCTURED PROGRAMS (ALL SEGMENTS IN ONE 
	 	 	 	SEGMENT
 	 	 	 	 	 	 	 	 	
 	 	 	 	 	;AND PROGRAM MAXIMUM SIZE 64KBYTES.)
 	 	 	 	 	
 0100	 	 	 	START:
 0100  EB 0B 90	 	 	 	JMP SKIP_DATA	 	;SKIP OVER DATA
	 	 	 	 DECLARATIONS
 	 	 	 	
 	 	 	 	;--------------DEFINE DATA SIZES AND NAMES-----
	 	 	 	---	
 	 	 	 	
 0103  0087 0098 0012 0043	MTABLE DW 87H,98H,12H,43H
 010B  0004	 	 	COUNT DW 4
 	 	 	 	
 	 	 	 	;--------------END OF DATA DEFINITION----------
	 	 	 	---
 	 	 	 	
 010D	 	 	 	SKIP_DATA:
 010D  B8 10FF	 	 	 	MOV AX,10FFH
 0110  8B E0	 	 	 	MOV SP,AX
 	 	 	 	 	
 0112  B8 0000	 	 	 	MOV AX,0000H
 0115  8E D0	 	 	 	MOV SS,AX
 0117  8E C0	 	 	 	MOV ES,AX
 	 	 	 	 	
 0119  0E	 	 	 	PUSH CS
 011A  1F	 	 	 	POP DS
 	 	 	 	 	
 011B  90	 	 	 	NOP
 011C  90	 	 	 	NOP
 011D  90	 	 	 	NOP	
 	 	 	 	    
 	 	 	 	; AX IS DATA HOLDER (INDEX)
 	 	 	 	; BX IS FOR LOOP COUNTER (I)
 	 	 	 	; CX IS WHILE LOOP COUNTER (J)
 	 	 	 	; SI POINTS TO CURRENT DATA TO BE COMPARED (SI 
	 	 	 	= SI+SI FOR EVERY FOR ITERATION)
 	 	 	 	
 011E  8B 0E 010B R	 	 	MOV CX,COUNT	 	 	;INIT O
	 	 	 	UTER FOR LOOP
 IBM Personal Computer MACRO Assembler   Version 2.00  	Page	1-2
	 	 	 	 	 	 	 	04-03-:8    


 0122  BE 0105 R	 	 	MOV SI,OFFSET MTABLE + 2
 0125	 	 	 	FOR_LOOP:
 0125  8B 04	 	 	 	MOV AX,DS:[SI]	 	;INDEX = NUMBER
	 	 	 	S[I]
 0127  8B FE	 	 	 	MOV DI,SI	 	 	;J = I
 	 	 	 	
 0129	 	 	 	WHILE_LOOP:
 0129  81 FF 0103 R	 	    CMP DI,OFFSET MTABLE
 012D  7E 0E	 	 	    JLE WHILE_END
 	 	 	 	    
 012F  3B 45 FE	 	 	 	CMP AX,DS:[DI-2]	 	;NUMBER
	 	 	 	S[J-1] > ITEM
 0132  7D 09	 	 	 	JGE WHILE_END
 	 	 	 	 	
 0134  8B 5D FE	 	 	 	MOV BX,DS:[DI-2]
 0137  89 1D	 	 	 	MOV DS:[DI],BX	 	 	;NUMBER
	 	 	 	S[J] = NUMBERS[J-1]
 	 	 	 	 	
 0139  4F	 	 	 	DEC DI
 013A  4F	 	 	 	DEC DI
 013B  EB EC	 	 	 	JMP WHILE_LOOP
 013D	 	 	 	WHILE_END:	
 013D  89 05	 	 	 	MOV DS:[DI],AX
 013F  46	 	 	 	INC SI
 0140  46	 	 	 	INC SI
 	 	 	 	
 0141  E2 E2	 	 	 	LOOP FOR_LOOP
 0143	 	 	 	EXIT:	            
 0143  CD A5	 	 	 	INT 0A5H
 	 	 	 	 	
 0145	 	 	 	COMSEG ENDS
 	 	 	 	END START

 IBM Personal Computer MACRO Assembler   Version 2.00  	Page	Symbols
	 	 	 	-1
	 	 	 	 	 	 	 	04-03-:8    


Segments and Groups:

	 	N a m e	 	 	Size	Align	Combine	Class

COMSEG . . . . . . . . . . . . .	0145	PARA  	NONE	

Symbols:            

	 	N a m e	 	 	Type	Value	Attr         

COUNT. . . . . . . . . . . . . .	L WORD 	010B	COMSEG
EXIT . . . . . . . . . . . . . .	L NEAR 	0143	COMSEG
FOR_LOOP . . . . . . . . . . . .	L NEAR 	0125	COMSEG
MTABLE . . . . . . . . . . . . .	L WORD 	0103	COMSEG
SKIP_DATA. . . . . . . . . . . .	L NEAR 	010D	COMSEG
START. . . . . . . . . . . . . .	L NEAR 	0100	COMSEG
WHILE_END. . . . . . . . . . . .	L NEAR 	013D	COMSEG
WHILE_LOOP . . . . . . . . . . .	L NEAR 	0129	COMSEG

50092 Bytes free   

Warning Severe
Errors	Errors 
0	0
