 IBM Personal Computer MACRO Assembler   Version 2.00  	Page	1-1
	 	 	 	 	 	 	 	02-23-:0    


 = 0000       SCPD EQU 0000H ;Scratch Pad location.
 = 1000       ASCII EQU 1000H  ;ASCII number.
;This program shows ASCCII to Hexadecimal number conversion.
;User can store ASCII number at memory location 0000:1000H
;and Hexadecimal will be stored at memory location 0000:1010H.
 	 	 	 	  
 0000	 	 	 	             ASC SEGMENT
 	 	 	 	             ASSUME CS:ASC,DS:ASC,ES:ASC
 0100	 	 	 	    ORG 100H                  ;com format is re
	 	 	 	commended
 0100  EB 01 90	 	 	  START:JMP SKIP_DATA         ;skip data bases 
	 	 	 	if any 
 	 	 	 	;On kit you need to do initialise for SP(to sep
	 	 	 	erate of
 	 	 	 	;your programme form monitor),DS as shown below
	 	 	 	.SS,ES are
 	 	 	 	;set to 0000H at power on by monitor.you can of
	 	 	 	 course change
 	 	 	 	;it by adding a few more MOVEs .but while worki
	 	 	 	ng on PC can't
 	 	 	 	;touch segment resister since they are set by D
	 	 	 	OS loader
 	 	 	 	;so manage these instructions as shown comment 
	 	 	 	field. 	 	
 	 	 	 	            
 0103	 	 	 	     SKIP_DATA:
 0103  B8 10FF	 	 	                MOV AX,10FFH
 0106  8B E0	 	 	                MOV SP,AX       ;Init SP regist
	 	 	 	er.
 0108  0E	 	 	                PUSH CS         ;Init DS regist
	 	 	 	er.
 0109  1F	 	 	                POP DS
 010A  B8 0000	 	 	                MOV AX,SCPD     ;To specify SCP
	 	 	 	D on kit.
 010D  8E C0	 	 	                MOV ES,AX
 010F  26: A0 1000	 	                MOV AL,ES:ASCII    ;ASCII numbe
	 	 	 	r to convert in  AL.
 0113  2C 30	 	 	                SUB AL,30H      ;See if number 
	 	 	 	is between 0-9.
 0115  3C 09	 	 	 	 	CMP AL,9	;IF>9,it's a le
	 	 	 	tter.
 0117  72 03	 	 	                JC AHEAD
 0119  EB 03 90	 	 	                JMP ENDL
 011C	 	 	 	         AHEAD:
 011C  2C 07	 	 	 	 	SUB AL,07H	;Sub 7 to ferni
	 	 	 	sh letter 
 	 	 	 	 	                        ;convertion.
 011E	 	 	 	          ENDL:
 011E  26: A3 1010	 	                MOV ES:[1010H],AX
 0122  CD A5	 	 	                INT 0A5H        ;Return to comm
 


	 	 	 	and mode.
 	 	 	 	                                ;If you are run
	 	 	 	ning your
 0124	 	 	 	   ASC ENDS                     ;software on PC
	 	 	 	 insert 
 	 	 	 	   END START                    ;----->include

