 IBM Personal Computer MACRO Assembler   Version 2.00  	Page	1-1
	 	 	 	 	 	 	 	02-23-:0    


 = 0000            SCPD EQU 0000H   ;Scratch Pad Location.
 = 1000            NUM1 EQU 1000H   ;Address for Dividend.
 = 1002            NUM2 EQU 1002H   ;Address for Divisor.
  ;This program gives BCD division.
  ;User can store divident at memory location 0000:1000H and
  ;divisor at memory location 0000:1002H.
  ;User can see result at memory location 0000:1010H by using
  ;substitute command.
 	 	 	 	
 0000	 	 	 	       BCDD SEGMENT
 	 	 	 	       ASSUME CS:BCDD,DS:BCDD
 	 	 	 	       ASSUME ES:BCDD
 0100	 	 	 	               ORG 100H      ;com format is rec
	 	 	 	ommended
 	 	 	 	
 0100  EB 01 90	 	 	       START:JMP SKIP_DATA   ;skip lookup/data 
	 	 	 	bases
 	 	 	 	                             ;if any
 	 	 	 	                             
 	 	 	 	;On kit you need to do initialise for SP(to sep
	 	 	 	erate of
 	 	 	 	;your programme form monitor),DS as shown below
	 	 	 	.SS,ES are
 	 	 	 	;set to 0000H at power on by monitor.you can of
	 	 	 	 course change
 	 	 	 	;it by adding a few more MOVEs .but while worki
	 	 	 	ng on PC can't
 	 	 	 	;touch segment resister since they are set by D
	 	 	 	OS loader
 	 	 	 	;so manage these instructions as shown comment 
	 	 	 	field. 	 	       
 0103	 	 	 	  SKIP_DATA:
 0103  B8 10FF	 	 	            MOV AX,10FFH
 0106  8B E0	 	 	            MOV SP,AX       ;Init SP register.
 0108  0E	 	 	            PUSH CS         ;Init DS register.
 0109  1F	 	 	            POP DS
 010A  B8 0000	 	 	            MOV AX,SCPD     ;To specify SCPD on
	 	 	 	 kit.
 010D  8E C0	 	 	            MOV ES,AX
 010F  26: A1 1000	 	            MOV AX,ES:NUM1  ;Move 16-B bit numb
	 	 	 	er to  AX.
 0113  26: 8A 2E 1002	 	            MOV CH,ES:NUM2  ;store divisor in C
	 	 	 	H register.
 0118  D5 0A	 	 	            AAD             ;Adjust unpacked nu
	 	 	 	mber in AX to binary.
 011A  F6 F5	 	 	            DIV CH          ;Perform division,r
	 	 	 	emainder in AH and
 011C  26: A3 1010	 	            MOV ES:[1010H],AX   ;Qutient in AL.
 0120  CD A5	 	 	            INT 0A5H        ;Return to command 


	 	 	 	mode.
 0122	 	 	 	  BCDD ENDS                 ;If you are running
	 	 	 	 your software
 	 	 	 	  END START                 ;on PC insert -----
	 	 	 	>include.

