 IBM Personal Computer MACRO Assembler   Version 2.00  	Page	1-1
	 	 	 	 	 	 	 	02-23-:0    


 = 0000       SCPD EQU 0000H  ;Scratch Pad Location.
 = 1000       NUM1 EQU 1000H  ;Address for Multiplicand.
 = 1001       NUM2 EQU 1001H  ;Address for Multiplier.
 ;This programme gives BCD multiplication.
 ;User can store multiplicant at memory location 0000:1000H
 ;and multiplier at memory location 0000:1001H.
 ;User can see result at memory location 0000:1010H
 ;by using substitute command.
 0000	 	 	 	     BCDM SEGMENT
 	 	 	 	     ASSUME CS:BCDM,DS:BCDM
 	 	 	 	     ASSUME ES:BCDM
 0100	 	 	 	     ORG 100H                 ;com format is re
	 	 	 	commanded.
 0100  EB 01 90	 	 	        START:JMP SKIP_DATA   ;skip lookup data
	 	 	 	 bases if any.
 	 	 	 	;On kit you need to do initialise for SP(to sep
	 	 	 	erate of
 	 	 	 	;your programme form monitor),DS as shown below
	 	 	 	.SS,ES are
 	 	 	 	;set to 0000H at power on by monitor.you can of
	 	 	 	 course change
 	 	 	 	;it by adding a few more MOVEs .but while worki
	 	 	 	ng on PC can't
 	 	 	 	;touch segment resister since they are set by D
	 	 	 	OS loader
 	 	 	 	;so manage these instructions as shown comment 
	 	 	 	field. 	 	        
 	 	 	 	
 0103	 	 	 	     SKIP_DATA:
 0103  B8 10FF	 	 	                MOV AX,10FFH
 0106  8B E0	 	 	                MOV SP,AX     ;Init SP register
	 	 	 	.
 0108  0E	 	 	                PUSH CS       ;Init DS register
	 	 	 	.
 0109  1F	 	 	                POP DS
 010A  B8 0000	 	 	                MOV AX,SCPD
 010D  8E C0	 	 	                MOV ES,AX
 010F  26: A0 1000	 	                MOV AL,ES:NUM1   ;Put NUM1 in A
	 	 	 	L.
 0113  26: 8A 3E 1001	 	                MOV BH,ES:NUM2   ;Put NUM2 in B
	 	 	 	H.
 0118  F6 E7	 	 	 	 	MUL BH	      ;Perform multipli
	 	 	 	cation.
 011A  D4 0A	 	 	 	 	AAM	      ;Convert number i
	 	 	 	n AX to unpacked form.
 011C  26: A3 1010	 	                MOV ES:[1010H],AX ;Store the re
	 	 	 	sult.
 0120  CD A5	 	 	                INT 0A5H      ;Return to comman
	 	 	 	d mode.


 0122	 	 	 	    BCDM ENDS                 ;If you are runni
	 	 	 	ng your software
 	 	 	 	    END START                 ;on PC insert ---
	 	 	 	->include.

