 IBM Personal Computer MACRO Assembler   Version 2.00  	Page	1-1
	 	 	 	 	 	 	 	02-23-:0    

 ;This program display ASCII codes  between 32 to 127
 ;In this program only those ASCII codes are displayed
 ;which are shown in mannual.Other than these,ASCII codes
 ;will not displayed,due to the limitation of seven segment
 ;display.After execution of progrm press ENTER key for displaying
 ;each ASCII code.
 	 	 	 	
 0000	 	 	 	              DASCII SEGMENT
 	 	 	 	              ASSUME CS:DASCII,DS:DASCII,ES:DAS
	 	 	 	CII
 0100	 	 	 	                 ORG 100H
 0100  EB 01 90	 	 	       START:JMP SKIP_DATA
 	 	 	 	
 0103	 	 	 	       SKIP_DATA:
 0103  B8 10FF	 	 	                 MOV AX,10FFH
 0106  8B E0	 	 	                 MOV SP,AX      ;Init for SP re
	 	 	 	gister.
 0108  0E	 	 	                 PUSH CS
 0109  1F	 	 	                 POP DS         ;Init DS regist
	 	 	 	er.
 	 	 	 	                 
 010A  B9 005F	 	 	                 MOV CX,95      ;Loop count=95.
 010D  B2 20	 	 	                 MOV DL,32      ;Starting ASCII
	 	 	 	 code.
 010F  B4 02	 	 	         BACK:    MOV AH,02H     ;Display char 
	 	 	 	function.
 0111  CD A2	 	 	                 INT 0A2H
 0113  FE C2	 	 	                 INC DL         ;Next ASCII Cod
	 	 	 	e.
 0115  B4 08	 	 	                 MOV AH,08H
 0117  CD A1	 	 	                 INT 0A1H
 0119  E2 F4	 	 	                 LOOP BACK      ;Display anothe
	 	 	 	r charector.
 011B  CD A5	 	 	                 INT 0A5H       ;Return to comm
	 	 	 	and mode.
 	 	 	 	
 011D	 	 	 	    DASCII ENDS                 ;If you are run
	 	 	 	ning your
 	 	 	 	    END START                   ;software on PC
	 	 	 	 insert

