 IBM Personal Computer MACRO Assembler   Version 2.00  	Page	1-1
	 	 	 	 	 	 	 	02-23-:0    


 = 0000         SCPD EQU 0000H    ;Scratch Pad Segment.
 = 1000          NUM EQU  1000H    ;
 ;This program shows  DECIMAL to SEVEN SEGMENT convertion.
 ;User can store number at memory location 0000:1000H
 ;Result will be stored at memory location 0000:1010H
 ;User can check using substitute command.
 	 	 	 	
 0000	 	 	 	     DECSEV SEGMENT
 	 	 	 	     ASSUME CS:DECSEV,DS:DECSEV,ES:DECSEV
 0100	 	 	 	          ORG 100H      ;com format is recomman
	 	 	 	ded.
 0100  EB 0B 90	 	 	   START: JMP SKIP_DATA ;skip lookup/data bases
	 	 	 	 if any. 
 	 	 	 	;On kit you need to do initialise for SP(to sep
	 	 	 	erate of
 	 	 	 	;your programme form monitor),DS as shown below
	 	 	 	.SS,ES are
 	 	 	 	;set to 0000H at power on by monitor.you can of
	 	 	 	 course change
 	 	 	 	;it by adding a few more MOVEs .but while worki
	 	 	 	ng on PC can't
 	 	 	 	;touch segment resister since they are set by D
	 	 	 	OS loader
 	 	 	 	;so manage these instructions as shown comment 
	 	 	 	field.
 	 	 	 	
 0103  3F 06 5B 4F 66 6D	             TABL DB 3FH,06H,5BH,4FH,66H,6DH,7D
	 	 	 	H,07H,7FH,6FH
       7D 07 7F 6F	 	
 010D	 	 	 	   SKIP_DATA:
 010D  B8 10FF	 	 	             MOV AX,10FFH
 0110  8B E0	 	 	             MOV SP,AX               ;Init for 
	 	 	 	SP register.
 0112  0E	 	 	             PUSH CS                 ;Init for 
	 	 	 	DS register.
 0113  1F	 	 	             POP DS
 0114  B8 0000	 	 	             MOV AX,SCPD             ;To specif
	 	 	 	y SCPD location on kit
 	 	 	 	                                     ;for Seven
	 	 	 	 segment values.
 0117  8E C0	 	 	             MOV ES,AX
 0119  26: A0 1000	 	             MOV AL,ES:NUM           ;Index val
	 	 	 	ue.
 011D  BB 0103 R	 	             MOV BX,OFFSET TABL      ;Offset of
	 	 	 	 the table.
 0120  D7	 	 	             XLAT


 0121  8A D8	 	 	             MOV BL,AL
 0123  26: 88 1E 1010	 	             MOV ES:[1010H],BL       ;Store the
	 	 	 	 segment code.
 0128  CD A5	 	 	             INT 0A5H                ;Return to
	 	 	 	 command mode.
 	 	 	 	
 012A	 	 	 	  DECSEV ENDS                        ;If you ar
	 	 	 	e running your software
 	 	 	 	   END START                         ;on PC ins
	 	 	 	ert ---->include.

