 IBM Personal Computer MACRO Assembler   Version 2.00  	Page	1-1
	 	 	 	 	 	 	 	02-23-:0    


 = 0000    SCPD EQU 0000H ;Scratch Pad Location.
 ;This program gives addition of number from 0 to 10
 ;Data is stored at register AX
 ;and result will store at memory location 0000:1000H
 	 	 	 	
 0000	 	 	 	SUM SEGMENT
 	 	 	 	    ASSUME CS:SUM, DS:SUM
 	 	 	 	    ASSUME ES:SUM
 0100	 	 	 	        ORG 100H        ;Com format is recommen
	 	 	 	ded
 	 	 	 	
 0100  EB 01 90	 	 	START:JMP SKIP_DATA      ;Skip look up/data
 	 	 	 	                         ;bases if any.
 ;On kit you need to do initialise for SP(to seprate stack of
 ;your programme from monitor),DS as shown below .SS,ES are set
 ;to 0000H at Power on by monitor.You can of course change it
 ;by adding a few more MOVEs.But while working on PC you can't
 ;touch segment register since they are set by DOS Loader,so
 ;mange these instruction as shown in comment field
 	 	 	 	   
 0103	 	 	 	SKIP_DATA:
 0103  B8 10FF	 	 	        MOV AX,10FFH    ;Init of SP for kit
 0106  8B E0	 	 	        MOV SP,AX
 0108  0E	 	 	        PUSH CS          ;Init for DS
 0109  1F	 	 	        POP DS           ;
 010A  B8 0000	 	 	        MOV AX,SCPD      ;To specify SCPD on ki
	 	 	 	t.
 010D  8E C0	 	 	        MOV ES,AX
 010F  33 C0	 	 	        XOR AX,AX
 0111  B1 0A	 	 	        MOV CL,0AH       ;Loop count=10
 0113  02 C1	 	 	Back:   ADD AL,CL       ;Add two numbers
 0115  E2 FC	 	 	        LOOP BACK        ;Repeat until CL=0
 0117  26: A2 1000	 	        MOV ES:[1000H],AL
 011B  CD A5	 	 	        INT 0A5H         ;Retrns to comman mode
	 	 	 	 of kit
 	 	 	 	                         ;monitor
 	 	 	 	                         ;if you are running yo
	 	 	 	ur
 011D	 	 	 	   SUM ENDS              ;software on PC insert
 	 	 	 	                         ;here ------------ >in
	 	 	 	clude
 	 	 	 	   END START

