 IBM Personal Computer MACRO Assembler   Version 2.00  	Page	1-1
	 	 	 	 	 	 	 	10-02-99    


 0000	 	 	 	X86IR2RT       SEGMENT
 	 	 	 	 	 	 	 	 	
 	 	 	 	 	
 	 	 	 	                ASSUME CS:X86IR2RT, DS:X86IR2RT
	 	 	 	 ,ES:X86IR2RT
 0100	 	 	 	                ORG 100H              ;COM FORM
	 	 	 	AT IS RECOMMENDED.
 	 	 	 	
 0100  EB 01 90	 	 	STRT: 	 	JMP SKIP_DATA         ;SKIP LOO
	 	 	 	K UP/ DATA BASES IF ANY
 	 	 	 	
 	 	 	 	;ON KIT YOU NEED TO DO INIT FOR SP [TO SEPARATE
	 	 	 	 STACK OF YOUR PROGRAME FROM
 	 	 	 	;MONITORS],DS AS SHOWN BELOW.SS,ES ARE SET TO 0
	 	 	 	000 AT POWER ON BY MONITOR.
 	 	 	 	;YOU CAN OFCOURSE CHANGE IT BY ADDING A FEW MOR
	 	 	 	E MOVE`S.
 	 	 	 	;BUT WHILE WORKING ON PC YOU CAN`T TOUCH SEGMEN
	 	 	 	T REGISTERS SINCE THEY ARE
 	 	 	 	;SET BY DOS LOADER,SO MANAGE THESE INSTRUCTIONS
	 	 	 	 AS SHOWN IN COMMENT FIELD.  
 	 	 	 	 	 	 	 	
 0103	 	 	 	SKIP_DATA:
 0103  B8 10FF	 	 	MOV  AX,10FFH  	;INIT OF SP FOR KIT
 0106  8B C0	 	 	MOV  AX,AX     	;MOV AX,AX   ON PC
 0108  0E	 	 	PUSH CS        	;INIT FOR DS
 0109  1F	 	 	POP  DS  
 	 	 	 	        	;LOAD KIT INTS (A0-BF) IN PC US
	 	 	 	ING
 010A  90	 	 	NOP            	;
 010B  90	 	 	NOP             ;PLACE CALL IN PLACE OF 3 NOP`S
 010C  90	 	 	NOP             ;
 010D  B8 0000	 	 	MOV  AX,0000H   ;ES IS USED AS SCPD TO 
 0110  90	 	 	NOP             ;STORE DATA.
 0111  8E C0	 	 	MOV  ES,AX
 0113  CD AC	 	 	INT  0ACH       ;Clear display	
 0115  BA A00B	 	 	MOV DX,0A00BH	;read day of 
 0118  EC	 	 	IN  AL,DX	;week & store in
 0119  BA A01B	 	 	MOV DX,0A01BH  	;day of week
 011C  EE	 	 	OUT DX,AL	;RAM.
 011D  BA A00D	 	 	MOV DX,0A00DH 	;read day of 
 0120  EC	 	 	IN  AL,DX	;month & store 
 0121  BA A01D	 	 	MOV DX,0A01DH  	;in day of month 
 0124  EE	 	 	OUT DX,AL	;RAM
 0125  BA A00F	 	 	MOV DX,0A00FH	;read month & 
 0128  EC	 	 	IN  AL,DX	
 0129  BA A01F	 	 	MOV DX,0A01FH	;store in month 
 012C  EE	 	 	OUT DX,AL	;RAM
 012D  B0 16	 	 	MOV AL,16H 	;store 16H 
 	 	 	 	 	 	;(4 pm) in hours
 012F  BA A019	 	 	MOV DX,0A019H  	; RAM
 0132  EE	 	 	OUT DX,AL
 0133  B0 00	 	 	MOV AL,00H	;store 00H in
 0135  BA A017	 	 	MOV DX,0A017H	;minutes ram &
 IBM Personal Computer MACRO Assembler   Version 2.00  	Page	1-2
	 	 	 	 	 	 	 	10-02-99    


 0138  EE	 	 	OUT DX,AL
 0139  BA A015	 	 	MOV DX,0A015H	;seconds ram
 013C  EE	 	 	OUT DX,AL
 013D  B0 21	 	 	MOV AL,21H 	;
 013F  BA A023	 	 	MOV DX,0A023H 	;int cont reg.
 0142  EE	 	 	OUT DX,AL
 0143  0E	 	 	PUSH CS
 0144  59	 	 	POP  CX         ;Seg addr of ISR for IR0
 0145  BE 019D R	 	MOV  SI,OFFSET ISR ;Offeset addr  
 0148  B0 92	 	 	MOV  AL,92H	;Init of 0000:0248 Bytes so 
 	 	 	 	 	 	;On Interrupt IR2 "INT 92
 	 	 	 	 	 	;are exeuted.
 014A  CD BE	 	 	INT  0BEH                                 
 014C  B0 1B	 	 	MOV  AL,1BH    	;level,Single	
 	 	 	 	 	 	;ICW1 A1=0   
 014E  BA 9400	 	 	MOV  DX,9400H                            
 0151  EE	 	 	OUT  DX,AL                              
 0152  B0 90	 	 	MOV  AL,90H	;ISR of IR0 =INT 90H etc.
 0154  BA 9402	 	 	MOV  DX,9402H  	;A1=1	
 0157  EE	 	 	OUT  DX,AL     	;ICW2	
 0158  B0 01	 	 	MOV  AL,01H    	;8086,Normal EOI,Non Buffered,
 	 	 	 	 	      	;Non Special,Nest
 015A  EE	 	 	OUT  DX,AL	;ICW4,A1=1
 015B  B0 FB	 	 	MOV  AL,0FBH	;Enable IR2.
 015D  EE	 	 	OUT  DX,AL 	;OCW1                          
	 	 	 	   
 	 	 	 	 	 	;                              
	 	 	 	         
 015E	 	 	 	LOOP1: 
 015E  FB	 	 	STI	 	;enable INT
 015F  CD AB	 	 	INT  0ABH	;cursor at 1st pos
 0161  BA A009	 	 	MOV  DX,0A009H	;Read hours 
 0164  EC	 	 	IN   AL,DX
 0165  8A D0	 	 	MOV  DL,AL	;hour & display
 0167  B0 02	 	 	MOV  AL,02H	;two digits.
 0169  CD AE	 	 	INT  0AEH	;NMOUT Display number.
 016B  B2 20	 	 	MOV  DL,20H	;display blank
 016D  B4 02	 	 	MOV  AH,02H	;02 for write.
 016F  CD A2	 	 	INT  0A2H	;display blank	
 0171  BA A007	 	 	MOV  DX,0A007H	;read minutes
 0174  EC	 	 	IN   AL,DX
 0175  8A D0	 	 	MOV  DL,AL	;minutes & display
 0177  B0 02	 	 	MOV  AL,02H	;two digits.
 0179  CD AE	 	 	INT  0AEH	;NMOUT Display number.
 017B  B2 20	 	 	MOV  DL,20H	;display blank
 017D  B4 02	 	 	MOV  AH,02H	;02 for write.
 017F  CD A2	 	 	INT  0A2H	;display blank	
 0181  BA A005	 	 	MOV  DX,0A005H	;read seconds
 0184  EC	 	 	IN   AL,DX
 0185  8A D0	 	 	MOV  DL,AL	;seconds & display
 0187  B0 02	 	 	MOV  AL,02H	;two digits.
 0189  CD AE	 	 	INT  0AEH	;NMOUT Display number.
 018B  B4 0B	 	 	MOV  AH,0BH	;Check 'key' if 
 018D  CD A1	 	 	INT  0A1H	;pressed goto
 IBM Personal Computer MACRO Assembler   Version 2.00  	Page	1-3
	 	 	 	 	 	 	 	10-02-99    


 018F  3C FF	 	 	CMP  AL,0FFH	;command mode.
 0191  74 02	 	 	JZ   NEXT 
 0193  EB C9	 	 	JMP  LOOP1 	
 0195	 	 	 	NEXT:
 0195  B0 B0	 	 	MOV AL,0B0H 	;& stop sound
 0197  BA 8C07	 	 	MOV  DX,8C07H	;& stop sound
 019A  EE	 	 	OUT  DX,AL	;else jump to
 019B  CD A3	 	 	INT  0A3H	;command mode.
 	 	 	 	
 019D	 	 	 	ISR:   
 019D  BA A021	 	 	MOV DX,0A021H	;clear the RTC
 01A0  EC	 	 	IN  AL,DX	;interrupt by 
 	 	 	 	 	 	;reading ISR. 
 01A1  CD AC	 	 	INT 0ACH 
 01A3  B0 B6	 	 	MOV AL,0B6H	;CW for 8253
 01A5  BA 8C07	 	 	MOV DX,8C07H
 01A8  EE	 	 	OUT DX,AL       ;cntr 2, mode 3
 01A9  B0 00	 	 	MOV AL,00H	;LSB of count 
 01AB  BA 8C05	 	 	MOV DX,8C05H
 01AE  EE	 	 	OUT DX,AL	 	 	 	
 01AF  B0 0F	 	 	MOV AL,0FH 	;MSB of count
 01B1  EE	 	 	OUT DX,AL
 01B2  B0 20	 	 	MOV AL,20H 	;non specific  
 01B4  BA 9400	 	 	MOV DX,9400H
 01B7  EE	 	 	OUT DX,AL 	;end of interrupt
 01B8  FB	 	 	STI
 01B9  CF	 	 	IRET  	 	;return 
 	 	 	 	
 01BA	 	 	 	X86IR2RT 	ENDS
 	 	 	 	     END   	STRT

 IBM Personal Computer MACRO Assembler   Version 2.00  	Page	Symbols
	 	 	 	-1
	 	 	 	 	 	 	 	10-02-99    


Segments and Groups:

	 	N a m e	 	 	Size	Align	Combine	Class

X86IR2RT . . . . . . . . . . . .	01BA	PARA  	NONE	

Symbols:            

	 	N a m e	 	 	Type	Value	Attr         

ISR. . . . . . . . . . . . . . .	L NEAR 	019D	X86IR2RT
LOOP1. . . . . . . . . . . . . .	L NEAR 	015E	X86IR2RT
NEXT . . . . . . . . . . . . . .	L NEAR 	0195	X86IR2RT
SKIP_DATA. . . . . . . . . . . .	L NEAR 	0103	X86IR2RT
STRT . . . . . . . . . . . . . .	L NEAR 	0100	X86IR2RT

50632 Bytes free   

Warning Severe
Errors	Errors 
0	0
