 AS V1.42 Beta [Bld 56] - source file dac_v1.asm - page 1 - 12/16/2010 14:40:31


       1/       0 :                     ;*******************************************************************************
       2/       0 :                     ;Header: 		Sample program for B
       3/       0 :                     
       4/       0 :                     ;Monitor utilities used in this program
       5/       0 :                         cpu     8085
       6/       0 :                        
       7/       0 : =615H               DELAY	EQU			0615H
       8/       0 :                     
       9/       0 :                     ;Addresses of 8255 control register, ports etc.
      10/       0 : =8H                 PORTA			equ		08H	; This is address of 8255 PORTA
      11/       0 : =9H                 PORTB			equ		09H	; This is address of 8255 PORTB
      12/       0 : =AH                 PORTc			equ		0AH	; This is address of 8255 PORTC
      13/       0 : =BH                 CW8255        	equ		0BH	; This is address of 8255 control word
      14/       0 :                     ;~~~~~~~~~~~~~~~~~~~~~~Start of main program~~~~~~~~~~~~~~~~~~~~~~~~~~~~~~~~~~~~~
      15/       0 :                     
      16/    7000 :                     						ORG 7000H
      17/    7000 : 31 00 21            START:		lxi SP,2100H; init stack pointer.
      18/    7003 : 3E 82               			 mvi A,	82H ; 8255 SET IN I/O MODE	
      19/    7005 : D3 0B               			 out 0BH
      20/    7007 : 3E 00               			 mvi A, 00H
      21/    7009 : D3 0A               			 out 0AH
      22/    700B : 21 00 00            			lxi H, 0000H
      23/    700E : E5                  	loop1:	push H
      24/    700F : 7C                  			mov A,H
      25/    7010 : E6 0F               			ani 0FH
      26/    7012 : 67                  			mov H,A
      27/    7013 : 29                  			dad H
      28/    7014 : 29                  			dad H
      29/    7015 : 29                  			dad H
      30/    7016 : 29                  			dad H
      31/    7017 : 7D                  			mov A,L
      32/    7018 : 0F                  			RRc
      33/    7019 : 0F                  			RRC
      34/    701A : 0F                  			RRC
      35/    701B : 0F                  			RRC
      36/    701C : E6 9F               			ani 09FH
      37/    701E : 6F                  			mov L, A
      38/    701F : 7D                  			mov A, L
      39/    7020 : D3 0A               			out 0AH
      40/    7022 : 7C                  			mov A, H
      41/    7023 : D3 08               			out 08H
      42/    7025 : E1                  			pop H
      43/    7026 : 23                  			inx H
      44/    7027 : C3 0E 70            			jmp loop1		
      45/    702A :                     		
      46/    702A :                     	
 AS V1.42 Beta [Bld 56] - source file dac_v1.asm - page 2 - 12/16/2010 14:40:31


  symbol table (* = unused):
  ------------------------

*ARCHITECTURE :  i386-unknown-win32 - | *BIGENDIAN :                      0 - |
*BRANCHEXT :                      0 - | *CASESENSITIVE :                  0 - |
*CONSTPI :        3.141592653589793 - | *CW8255 :                         B - |
*DATE :                  12/16/2010 - | *DELAY :                        615 - |
*FALSE :                          0 - | *FULLPMMU :                       1 - |
*HAS64 :                          1 - | *HASDSP :                         0 - |
*HASFPU :                         0 - | *HASPMMU :                        0 - |
*INEXTMODE :                      0 - | *INLWORDMODE :                    0 - |
*INMAXMODE :                      0 - | *INSRCMODE :                      0 - |
*INSUPMODE :                      0 - | *LISTON :                         1 - |
 LOOP1 :                       700E C | *MACEXP :                         1 - |
*MOMCPU :                      8085 - | *MOMCPUNAME :                  8085 - |
*NESTMAX :                      100 - | *PACKING :                        0 - |
*PADDING :                        1 - | *PORTA :                          8 - |
*PORTB :                          9 - | *PORTC :                          A - |
*RELAXED :                        0 - | *START :                       7000 C |
*TIME :                    14:40:31 - | *TRUE :                           1 - |
*VERSION :                     142F - |

     35 symbols
     34 unused symbols

 AS V1.42 Beta [Bld 56] - source file dac_v1.asm - page 3 - 12/16/2010 14:40:31


  codepages:
  ----------

STANDARD (0 changed characters)


0.01 seconds assembly time

     46 lines source file
      1 pass
      0 errors
      0 warnings
