 IBM Personal Computer MACRO Assembler   Version 2.00  	Page	1-1
	 	 	 	 	 	 	 	02-24-:4    


1	 	 	 	 	;8 bit ADC 0809 (SUCCESIVE APPROX. METH
	 	 	 	OD), 100 microsec.
2	 	 	 	 	;convertion time is used to convert vol
	 	 	 	tage signal 
3	 	 	 	 	;simulated by on board pot. It provided
	 	 	 	 varying voltage 
4	 	 	 	 	;0 to 5v,connected to channel no.1. Pro
	 	 	 	cessor interface 
5	 	 	 	 	;is provided via 26 pin FRC.
6	 0000	 	 	 	             ADC SEGMENT
7	 	 	 	 	             ASSUME CS:ADC
8	 = 8807	 	 	 	                CR55 EQU 8807H
9	 = 8803	 	 	 	                PORTB EQU 8803H
10	 = 8805	 	 	 	                PORTC EQU 8805H
11	 = 8801	 	 	 	                PORTA EQU 8801H
12	 0100	 	 	 	                 ORG 100H
13	 0100	 	 	 	         STRT:
14	 0100  EB 15 90	 	 	         JMP SKIP_DAT
15	 0103  48 49 54 45 4D 50	               MSG1: DB "HITEMP",03H
16	       03	 	 	
17	 010A  4C 4F 54 45 4D 50	               MSG2: DB "LOTEMP",03H
18	       03	 	 	
19	 0111  00	 	 	               HITEMP DB 0
20	 0112  00	 	 	               LOTEMP DB 0
21	 0113  00	 	 	               TEMPREAD DB 0
22	 0114  00	 	 	               TEMPSET DB 0
23	 0115  00	 	 	               JUMP DB 0
24	 0116  00	 	 	               SETPT DB 0
25	 	 	 	 	                         
26	 0117	 	 	 	         SKIP_DAT:
27	 0117  B8 0000	 	 	               MOV AX,0000H
28	 011A  8E C0	 	 	               MOV ES,AX               
	 	 	 	               
29	 011C  8E D0	 	 	               MOV SS,AX               
	 	 	 	               
30	 011E  B8 11F0	 	 	               MOV AX,11F0H  ;Init .SP
31	 0121  8B E0	 	 	               MOV SP,AX               
	 	 	 	               
32	 0123  0E	 	 	               PUSH CS       ;Set CS=DS
	 	 	 	                          
33	 0124  1F	 	 	               POP DS
34	 	 	 	 	
35	 0125  CD AC	 	 	BCK:           INT 0ACH     ; CLEAR
36	 0127  BB 0103 R	 	               MOV BX,OFFSET MSG1
37	 012A  CD AF	 	 	               INT 0AFH     ;DISPLAY HI
	 	 	 	TEMP
38	 012C  B9 0000	 	 	               MOV CX,0000H
39	 012F  BA 0066	 	 	               MOV DX,0066H
40	 0132  B0 02	 	 	               MOV AL,02H
41	 0134  B4 10	 	 	               MOV AH,10H   ;HEX NO.
42	 0136  CD AD	 	 	               INT 0ADH     ;READ K/B
43	 0138  B0 30	 	 	               MOV AL,30H   ;RECEIVE NO
	 	 	 	.
44	 013A  3A C2	 	 	               CMP AL,DL
 IBM Personal Computer MACRO Assembler   Version 2.00  	Page	1-2
	 	 	 	 	 	 	 	02-24-:4    


45	 013C  72 02	 	 	               JC DO
46	 013E  EB E5	 	 	               JMP BCK
47	 0140  86 DA	 	 	           DO: XCHG BL,DL
48	 0142  53	 	 	               PUSH BX
49	 0143  CD AC	 	 	               INT 0ACH     ;CLR
50	 0145  BB 010A R	 	               MOV BX,OFFSET MSG2
51	 0148  CD AF	 	 	               INT 0AFH     ;DISPLAY LO
	 	 	 	TEMP
52	 014A  B9 0000	 	 	               MOV CX,0000H
53	 014D  BA 0062	 	 	               MOV DX,0062H
54	 0150  B0 02	 	 	               MOV AL,02H
55	 0152  B4 10	 	 	               MOV AH,10H   ;DECIMAL NO
	 	 	 	.
56	 0154  CD AD	 	 	               INT 0ADH     ;READ K/B
57	 0156  CD AC	 	 	               INT 0ACH     ;CLR
58	 0158  5B	 	 	               POP BX
59	 0159  8A C3	 	 	               MOV AL,BL
60	 015B  2E: A2 0111 R	 	               MOV HITEMP,AL      ;HIGH
	 	 	 	 SETPT
61	 015F  8A C2	 	 	               MOV AL,DL
62	 0161  2E: A2 0112 R	 	               MOV LOTEMP,AL      ;LOW 
	 	 	 	SETPT
63	 0165  EB 27 90	 	 	        DSPLY: JMP DISPLAY
64	 0168  2E: A0 0113 R	 	        EXPT3: MOV AL,TEMPREAD    ;LDOS
	 	 	 	B TEMPREAD
65	 016C  8A C8	 	 	               MOV CL,AL
66	 016E  2E: A0 0111 R	 	               MOV AL,HITEMP      ;LODB
	 	 	 	S HITEMP
67	 0172  3A C1	 	 	               CMP AL,CL
68	 0174  73 08	 	 	               JNC LOWER
69	 0176  B0 FF	 	 	        SET30: MOV AL,0FFH
70	 0178  2E: A2 0114 R	 	               MOV TEMPSET,AL     ;TEMP
	 	 	 	SET FF
71	 017C  EB E7	 	 	               JMP DSPLY
72	 017E  2E: A0 0112 R	 	        LOWER: MOV AL,LOTEMP
73	 0182  3A C1	 	 	               CMP AL,CL
74	 0184  72 DF	 	 	               JC DSPLY
75	 0186  B0 00	 	 	               MOV AL,00H
76	 0188  2E: A2 0114 R	 	               MOV TEMPSET,AL     ;FOR 
	 	 	 	DAC
77	 018C  EB D7	 	 	               JMP DSPLY
78	 	 	 	 	;ADC CONVERSION
79	 	 	 	 	
80	 018E  BA 8807	 	 	      DISPLAY: MOV DX,CR55  ;Init port 
	 	 	 	A,B
81	 0191  B0 81	 	 	               MOV AL,81H    ;C(upper) 
	 	 	 	as OP
82	 0193  EE	 	 	               OUT DX,AL    ;C(lower) a
	 	 	 	s IP                          
83	 0194  BA 8803	 	 	               MOV DX,PORTB
84	 0197  B0 00	 	 	               MOV AL,00H
85	 0199  EE	 	 	               OUT DX,AL               
	 	 	 	               
86	 019A  BA 8807	 	 	               MOV DX,CR55
 IBM Personal Computer MACRO Assembler   Version 2.00  	Page	1-3
	 	 	 	 	 	 	 	02-24-:4    


87	 019D  B0 09	 	 	               MOV AL,09H    ;Set PC4(A
	 	 	 	LE) bit
88	 019F  EE	 	 	               OUT DX,AL    ;high      
	 	 	 	                    
89	 01A0  B0 08	 	 	               MOV AL,08H    ;Set PC4 b
	 	 	 	it to
90	 01A2  EE	 	 	               OUT DX,AL    ;latch     
	 	 	 	                     
91	 01A3  B0 83	 	 	               MOV AL,83H    ;Set portB
	 	 	 	 as IP
92	 01A5  EE	 	 	               OUT DX,AL    ;rest same 
	 	 	 	as before
93	 01A6  BA 8801	 	 	               MOV DX,PORTA
94	 01A9  2E: A0 0114 R	 	               MOV AL,TEMPSET ;OUT TO D
	 	 	 	AC
95	 01AD  EE	 	 	               OUT DX,AL
96	 01AE  BA 8807	 	 	         COVN: MOV DX,CR55  ;Set PC6(st
	 	 	 	art of
97	 01B1  B0 0D	 	 	               MOV AL,0DH    ;convertio
	 	 	 	n)
98	 01B3  EE	 	 	               OUT DX,AL               
	 	 	 	               
99	 01B4  B0 0C	 	 	               MOV AL,0CH
100	 01B6  EE	 	 	               OUT DX,AL               
	 	 	 	               
101	 01B7  BA 8805	 	 	               MOV DX,PORTC
102	 01BA  EC	 	 	          BACK:IN AL,DX    ;Check PC1(E
	 	 	 	OC) low                          
103	 01BB  24 02	 	 	               AND AL,02H    ;to insure
	 	 	 	 convertion
104	 01BD  75 FB	 	 	               JNZ BACK                
	 	 	 	               
105	 01BF  EC	 	 	       COVNCHK:IN AL,DX    ;Convertion 
	 	 	 	really                          
106	 01C0  24 02	 	 	               AND AL,02H    ;Completed
107	 01C2  74 FB	 	 	               JZ COVNCHK  ;Yes, then s
	 	 	 	et                          
108	 01C4  B0 0B	 	 	               MOV AL,0BH    ;PC5(OE) t
	 	 	 	o read
109	 01C6  BA 8807	 	 	               MOV DX,CR55
110	 01C9  EE	 	 	               OUT DX,AL               
	 	 	 	               
111	 01CA  BA 8803	 	 	               MOV DX,PORTB ;Read digit
	 	 	 	al data
112	 01CD  EC	 	 	               IN AL,DX                
	 	 	 	              
113	 01CE  8A C8	 	 	               MOV CL,AL               
	 	 	 	               
114	 01D0  BA 8807	 	 	               MOV DX,CR55      
115	 01D3  B0 0A	 	 	               MOV AL,0AH   ;O/P DISABL
	 	 	 	E
116	 01D5  EE	 	 	               OUT DX,AL
117	 01D6  CD AB	 	 	               INT 0ABH      ;CRONLY
118	 01D8  8A D1	 	 	               MOV DL,CL
 IBM Personal Computer MACRO Assembler   Version 2.00  	Page	1-4
	 	 	 	 	 	 	 	02-24-:4    


119	 01DA  2E: 88 16 0113 R	 	               MOV TEMPREAD,DL   
120	 01DF  90	 	 	               NOP
121	 01E0  B0 02	 	 	               MOV AL,02H
122	 01E2  B6 00	 	 	               MOV DH,00H
123	 01E4  CD AE	 	 	               INT 0AEH      ;NMOUT
124	 01E6  B4 0B	 	 	               MOV AH,0BH
125	 01E8  CD A1	 	 	               INT 0A1H      ;READ K/B
126	 01EA  3C 00	 	 	               CMP AL,00H
127	 01EC  75 08	 	 	               JNZ EXIT
128	 01EE  B9 01FF	 	 	               MOV CX,01FFH
129	 01F1  CD AA	 	 	               INT 0AAH     ;CALL DELAY
130	 01F3  E9 0168 R	 	               JMP EXPT3    
131	 01F6  CD A3	 	 	        EXIT:  INT 0A3H     ;COMMAND MO
	 	 	 	DE
132	 01F8	 	 	 	        ADC ENDS
133	 	 	 	 	               END STRT

 IBM Personal Computer MACRO Assembler   Version 2.00  	Page	Symbols
	 	 	 	-1
	 	 	 	 	 	 	 	02-24-:4    


Segments and Groups:

	 	N a m e	 	 	Size	Align	Combine	Class

ADC. . . . . . . . . . . . . . .	01F8	PARA  	NONE	

Symbols:            

	 	N a m e	 	 	Type	Value	Attr         

BACK . . . . . . . . . . . . . .	L NEAR 	01BA	ADC
BCK. . . . . . . . . . . . . . .	L NEAR 	0125	ADC
COVN . . . . . . . . . . . . . .	L NEAR 	01AE	ADC
COVNCHK. . . . . . . . . . . . .	L NEAR 	01BF	ADC
CR55 . . . . . . . . . . . . . .	Number	8807	
DISPLAY. . . . . . . . . . . . .	L NEAR 	018E	ADC
DO . . . . . . . . . . . . . . .	L NEAR 	0140	ADC
DSPLY. . . . . . . . . . . . . .	L NEAR 	0165	ADC
EXIT . . . . . . . . . . . . . .	L NEAR 	01F6	ADC
EXPT3. . . . . . . . . . . . . .	L NEAR 	0168	ADC
HITEMP . . . . . . . . . . . . .	L BYTE 	0111	ADC
JUMP . . . . . . . . . . . . . .	L BYTE 	0115	ADC
LOTEMP . . . . . . . . . . . . .	L BYTE 	0112	ADC
LOWER. . . . . . . . . . . . . .	L NEAR 	017E	ADC
MSG1 . . . . . . . . . . . . . .	L NEAR 	0103	ADC
MSG2 . . . . . . . . . . . . . .	L NEAR 	010A	ADC
PORTA. . . . . . . . . . . . . .	Number	8801	
PORTB. . . . . . . . . . . . . .	Number	8803	
PORTC. . . . . . . . . . . . . .	Number	8805	
SET30. . . . . . . . . . . . . .	L NEAR 	0176	ADC
SETPT. . . . . . . . . . . . . .	L BYTE 	0116	ADC
SKIP_DAT . . . . . . . . . . . .	L NEAR 	0117	ADC
STRT . . . . . . . . . . . . . .	L NEAR 	0100	ADC
TEMPREAD . . . . . . . . . . . .	L BYTE 	0113	ADC
TEMPSET. . . . . . . . . . . . .	L BYTE 	0114	ADC

49692 Bytes free   

Warning Severe
Errors	Errors 
0	0
