 IBM Personal Computer MACRO Assembler   Version 2.00  	Page	1-1
-COUNTING LOWER CASE Z IN STRING.	 	 	 	08-21-99    


 	 	 	 	
 	 	 	 	       PAGE,90
 	 	 	 	       TITLE-COUNTING LOWER CASE Z IN STRING.
 	 	 	 	
 	 	 	 	;***FOLLOWING LISTING IS W.R.T. BATTERY BACKED RAM AT 100
	 	 	 	00H BUT THIS
 	 	 	 	;   PROGRAMME CAN WORK IN SCRATCH PAD RAM LOCATED AT 0000
	 	 	 	0H .PL. ENTER
 	 	 	 	;   THE SAME FROM 0135:0100[0000:01450] AND EXECUTE. 
 	 	 	 	
 	 	 	 	;****TITLE -COUNTING 0F LOWER CASE z [7AH] IN GIVEN STRIN
	 	 	 	G
 	 	 	 	
 	 	 	 	;   CONSIDER THE FOLLOWING REASONABLY REALISTIC PROBLEM. 
	 	 	 	SUPPOSE WE 
 	 	 	 	;   HAVE A STRING 'S'LOCATED AT 0100:012E [0000:112E] OF 
	 	 	 	LENGTH SAY 20.
 	 	 	 	;   WE WANT TO FIND OUT HOW MANY LOWER CASE 'Z'S THERE AR
	 	 	 	E IN THIS
 	 	 	 	;   STRING. THE PASCAL VERSION MIGHT LOOK SOMETHING LIKE 
	 	 	 	THIS:;
 	 	 	 	;VAR
 	 	 	 	;  s	    : string[20];
 	 	 	 	;  i,count   : integer;
 	 	 	 	;begin
 	 	 	 	;	count  := 0;
 	 	 	 	;    for i := 1 TO 20 do
 	 	 	 	;        if (s[i] = 'z') then
 	 	 	 	;            count := count +1;
 	 	 	 	;END.
 	 	 	 	;
 	 	 	 	;	 	 	THE 8086 ASEMBLY TRANSLATION CAN 
	 	 	 	BE:
 	 	 	 	 	
 	 	 	 	;S	DB	20 DUP (?)	LOCATED AT 0100:012E FILL
	 	 	 	 7A BY HAND.
 	 	 	 	;COUNT	DW	?	 	LOCATED AT 0100:0142
 	 	 	 	
 0000	 	 	 	X86CNTZ	 	SEGMENT
 	 	 	 	         ASSUME CS:X86CNTZ, DS:X86CNTZ ,ES:X86CNTZ
 0100	 	 	 	         ORG 100H                        ;COM FORMAT IS R
	 	 	 	ECOMMENDED.
 	 	 	 	
 0100  EB 01 90	 	 	STRT:    JMP SKIP_DATA                   ;SKIP LOOK UP/ D
	 	 	 	ATA BASES IF ANY
 	 	 	 	
 	 	 	 	;ON KIT YOU NEED TO DO INIT FOR SP [TO SEPARATE STACK OF 
	 	 	 	YOUR PROGRAME FROM
 	 	 	 	;MONITORS],DS AS SHOWN BELOW.SS,ES ARE SET TO 0000 AT POW
	 	 	 	ER ON BY MONITOR.
 	 	 	 	;YOU CAN OFCOURSE CHANGE IT BY ADDING A FEW MORE MOVE`S.
 	 	 	 	;BUT WHILE WORKING ON PC YOU CAN`T TOUCH SEGMENT REGISTER
	 	 	 	S SINCE THEY ARE
 	 	 	 	;SET BY DOS LOADER,SO MANAGE THESE INSTRUCTIONS AS SHOWN 
 IBM Personal Computer MACRO Assembler   Version 2.00  	Page	1-2
-COUNTING LOWER CASE Z IN STRING.	 	 	 	08-21-99    


	 	 	 	IN COMMENT FIELD.  
 	 	 	 	
 0103	 	 	 	SKIP_DATA:
 0103  B8 10FF	 	 	 	 MOV     AX,10FFH  ;INIT OF SP FOR KIT
 0106  8B C0	 	 	         MOV     AX,AX     ;MOV AX,AX   ON PC
 0108  0E	 	 	         PUSH    CS        ;INIT FOR DS
 0109  1F	 	 	         POP     DS  
 	 	 	 	                           ;LOAD KIT INTS (A0-BF) IN PC U
	 	 	 	SING
 010A  90	 	 	         NOP               ;
 010B  90	 	 	         NOP               ;PLACE CALL IN PLACE OF 3 NOP`
	 	 	 	S
 010C  90	 	 	         NOP               ;
 	 	 	 	
 010D  B8 0100	 	 	         MOV	AX,0100H                                 
	 	 	 	    
 0110  8E C0	 	 	         MOV	ES,AX                                    
	 	 	 	   
 0112  26: C7 06 0142 0000	         MOV	ES:WORD PTR [0142H],0000 ;               
	 	 	 	        
 0119  BE 0000	 	 	         MOV	SI,0000H	 	      ;COUNT := 0
	 	 	 	                                       
 011C  26: 80 BC 012E 7A	NEXT:    CMP	ES:BYTE PTR [SI+012EH],7AH ;i SET IN SI
 0122  75 05	 	 	         JNZ	NOTZ                  ;S[I] = 'Z'?       
	 	 	 	  
 	 	 	 	        	                      ;NO                
	 	 	 	      
 0124  26: FF 06 0142	 	         INC	ES:WORD PTR [0142H]   ;YES,COUNT:=COUNT+ 
 0129  46	 	 	NOTZ:    INC	SI                    ;BUMP POINTER      
 012A  83 FE 13	 	 	         CMP	SI,+13H           ;I < 19?               
	 	 	 	  
 012D  76 ED	 	 	         JBE	NEXT                  ;YES, REPEAT       
	 	 	 	      
 012F  CD A5	 	 	         INT	0A5H                   ;RETURN TO COMAND=
 	 	 	 	
 0131	 	 	 	X86CNTZ  ENDS
 	 	 	 	    END  STRT

 IBM Personal Computer MACRO Assembler   Version 2.00  	Page	Symbols-1
-COUNTING LOWER CASE Z IN STRING.	 	 	 	08-21-99    


Segments and Groups:

	 	N a m e	 	 	Size	Align	Combine	Class

X86CNTZ. . . . . . . . . . . . .	0131	PARA  	NONE	

Symbols:            

	 	N a m e	 	 	Type	Value	Attr         

NEXT . . . . . . . . . . . . . .	L NEAR 	011C	X86CNTZ
NOTZ . . . . . . . . . . . . . .	L NEAR 	0129	X86CNTZ
SKIP_DATA. . . . . . . . . . . .	L NEAR 	0103	X86CNTZ
STRT . . . . . . . . . . . . . .	L NEAR 	0100	X86CNTZ

50634 Bytes free   

Warning Severe
Errors	Errors 
0	0
