 IBM Personal Computer MACRO Assembler   Version 2.00  	Page	1-1
-- Decimal counter	 	 	 	 	 	08-20-99    


 	 	 	 	 	PAGE 90
 	 	 	 	 	Title-- Decimal counter
 	 	 	 	;A four digit decimal counter is simulated
 	 	 	 	;by this program. It is up counter 
 	 	 	 	;starting from 0000.it increments by one.
 	 	 	 	;The speed of counting can be changed
 	 	 	 	;by changing delay count. The display 
 	 	 	 	;can be frozen by pressing f key. Can be 
 	 	 	 	;restarted by pressing s key. Pressing 
 	 	 	 	;ESC  key returns to command mode.
 	 	 	 	;
 0000	 	 	 	X86TYBS 	SEGMENT
 	 	 	 	ASSUME CS:X86TYBS, DS:X86TYBS ,ES:X86TYBS 
 0100	 	 	 	ORG 100H	          ;Com format 
 	 	 	 	                      ;is recommended.
 0100  EB 01 90	 	 	STRT:	JMP SKIP_DATA   ;skip look up/ 
 	 	 	 	 	 	 	    ;data bases if any
 	 	 	 	;On kit you need to do init for SP[to 
 	 	 	 	;separate stack of your program from
 	 	 	 	;monitors], DS as shown below. SS,ES are 
 	 	 	 	;set to 0000 at power on by monitor. You 
 	 	 	 	;can of course change it by adding a few 
 	 	 	 	;more moves. But while working on pc you 
 	 	 	 	;can't touch segment registers since 
 	 	 	 	;they are set by dos loader, so manage 
 	 	 	 	;these instructions as shown in comment 
 	 	 	 	;field.  
 	 	 	 	
 0103	 	 	 	SKIP_DATA:
 0103  B8 10FF	 	 	      MOV AX,10FFH  ;init of sp for kit
 0106  8B C0	 	 	  	MOV  AX,AX	  ;mov ax,ax   on pc
 0108  0E	 	 	 	PUSH CS	  ;init for ds 
 0109  1F	 	 	 	POP DS	  ;
 	 	 	 	 	 	 	  ;Load kit int's 
 	 	 	 	 	 	 	  ;(a0-bf) in pc 
 010A  90	 	 	 	NOP	 	  ;by replacing nop's
 010B  90	 	 	 	NOP 	 	  ;*******************
 010C  90	 	 	 	NOP	 	  ;place call in 
 	 	 	 	 	 	 	  ;place of 3 nop`s
 	 	 	 	
 010D  BA 0000	 	 	 	MOV DX,0000H  ;Init of counter
 0110  CD AC	 	 	 	INT 0ACH	  ;Call CRLF
 0112  CD AB	 	 	LOOP1:INT 0ABH	  ;Bring cursor to 
 	 	 	 	 	 	 	  ;Leftmost POS by 
 	 	 	 	 	 	 	  ;feeding CR only
 0114  B0 04	 	 	 	MOV AL,04H	  ;Displays given no 
 	 	 	 	 	 	 	  ;of(al) digits
 	 	 	 	 	 	 	  ;from present 
 	 	 	 	 	 	 	  ;cursor pos.
 0116  CD AE	 	 	 	INT 0AEH
 0118  8A C2	 	 	 	MOV AL,DL	  ;Fetch lower 
 	 	 	 	 	 	 	  ;byte of counter
 011A  04 01	 	 	 	ADD AL,01H	  ;Increment it
 011C  27	 	 	 	DAA	 	  ;decimaly
 011D  8A D0	 	 	 	MOV DL,AL	  ;Save lower byte
 011F  8A C6	 	 	 	MOV AL,DH	  ;Fetch upper 
 	 	 	 	                    ;byte of counter
 0121  14 00	 	 	 	ADC AL,00H	  ;Inc if carry
 0123  27	 	 	 	DAA
 0124  8A F0	 	 	 	MOV DH,AL	  ;save upper byte
 0126  B9 4000	 	 	 	MOV CX,4000H  ;delay count
 0129  CD AA	 	 	 	INT 0AAH
 012B  B4 0B	 	 	 	MOV AH,0BH
 012D  CD A1	 	 	 	INT 0A1H	  ;Test kbd or 
 	 	 	 	 	 	 	  ;consol in to check
 012F  3C 00	 	 	 	CMP AL,00H	  ;If any key pressed
 0131  74 DF	 	 	 	JZ LOOP1	  ;no continue counting
 0133  B4 08	 	 	 	MOV AH,08H	  ;Read key
 0135  CD A1	 	 	 	INT 0A1H
 0137  3C 46	 	 	 	CMP AL,"F"	  ;Check(f) key pressed
 0139  74 06	 	 	 	JZ SKP01
 013B  3C 1B	 	 	 	CMP AL,1BH	  ;ESC key pressed?
 013D  75 D3	 	 	 	JNZ LOOP1
 013F  CD A3	 	 	 	INT 0A3H	  ;Ret to command mode.
	 	 	 	 
 	 	 	 	 	 	 	  ;On PC Ret to dos. 
 0141  B4 08	 	 	SKP01:MOV AH,08H	  ;Poll kbd or consol 
 	 	 	 	 	 	 	  ;continuously
 0143  CD A1	 	 	 	INT 0A1H	  ;till key pressed
 0145  3C 53	 	 	 	CMP AL,"S"	  ;'S' key pressed?
 0147  74 C9	 	 	 	JZ LOOP1
 0149  EB F6	 	 	 	JMP SKP01
 	 	 	 	
 	 	 	 	;If you are running your software on PC
 	 	 	 	;Insert here -->include kit_ints.asm
 	 	 	 	 	 	 	 	 	
 IBM Personal Computer MACRO Assembler   Version 2.00  	Page	1-2
-- Decimal counter	 	 	 	 	 	08-20-99    


	 	 	 	 	  
 014B	 	 	 	X86TYBS	ENDS 
 	 	 	 	    END 	STRT

 IBM Personal Computer MACRO Assembler   Version 2.00  	Page	Symbols
	 	 	 	-1
-- Decimal counter	 	 	 	 	 	08-20-99    


Segments and Groups:

	 	N a m e	 	 	Size	Align	Combine	Class

X86TYBS. . . . . . . . . . . . .	014B	PARA  	NONE	

Symbols:            

	 	N a m e	 	 	Type	Value	Attr         

LOOP1. . . . . . . . . . . . . .	L NEAR 	0112	X86TYBS
SKIP_DATA. . . . . . . . . . . .	L NEAR 	0103	X86TYBS
SKP01. . . . . . . . . . . . . .	L NEAR 	0141	X86TYBS
STRT . . . . . . . . . . . . . .	L NEAR 	0100	X86TYBS

50634 Bytes free   

Warning Severe
Errors	Errors 
0	0
