 AS V1.42 Beta [Bld 56] - source file ADDMULTIBCD.ASM - page 1 - 2/13/2008 19:01:51


       1/       0 :                     	cpu 8085
       2/       0 :                     	
       3/       0 :                     ; Program to add multibyte BCD numbers.	
       4/       0 :                     ; Two BCD number tables are provided:
       5/       0 :                     ; How many numbers are to added is specified at 2100h
       6/       0 :                     ; Table1 starts at 2101h
       7/       0 :                     ; Table2 starts at 2121h
       8/       0 :                     ; Rowise addition is carried out and the result is stored in table3
       9/       0 :                     ; Table3 starts at 2141h
      10/       0 :                     ; [2140] = [2100] + [2120]
      11/       0 :                     ; [2141] = [2101] + [2121] and so on so forth.
      12/       0 :                     ; So a maximum of 32 numbers can be added.
      13/       0 :                     
      14/       0 :                     ; The program uses stack. Start of stack is taken at 2160h
      15/       0 :                     
      16/    6940 :                     	org 6940h			;Seven bytes blank after previous program
      17/    6940 :                     	start:
      18/    6940 : 31 60 21            		lxi sp,2160h
      19/    6943 : 21 00 21            		lxi h,2100h
      20/    6946 : 4E                  		mov c,m			;Get number of numbers to add.
      21/    6947 :                     		
      22/    6947 : 21 41 21            		lxi h,2141h		
      23/    694A : E5                  		push h			;Store destination pointer to stack
      24/    694B :                     		
      25/    694B : 21 01 21            		lxi h,2101h		;HL=Pointer to start of table1
      26/    694E : 11 21 21            		lxi d,2121h		;DE=Pointer to start of table2
      27/    6951 :                     		
      28/    6951 : 37                  		stc				;Set carrt
      29/    6952 : 3F                  		cmc				;Comlement carry (Effectively carry is now cleared)
      30/    6953 :                     		
      31/    6953 :                     	add_next:	
      32/    6953 : 1A                  		ldax d			;Get first byte to accumulator
      33/    6954 : 8E                  		adc m			;Acc = Acc + [HL] + CY
      34/    6955 : 27                  		DAA				;Decimal adjust accumulator
      35/    6956 : E3                  		XTHL			;Get Destination table pointer to HL
      36/    6957 :                     						;And store current HL to stack
      37/    6957 : 77                  		mov m,a			;Populate destination table with result (Table3)
      38/    6958 : 23                  		inx h			;Increment destination pointer
      39/    6959 : E3                  		xthl			;Store back to stack
      40/    695A :                     		
      41/    695A : 23                  		inx h			;Pointer to Table1 incremented
      42/    695B : 13                  		inx d			;Pointer to Table2 incremented
      43/    695C : 0D                  		dcr c			;Number of numbers counter decremented
      44/    695D : C2 53 69            		jnz add_next
      45/    6960 :                     		
      46/    6960 : E1                  		pop h			;Not really required.
      47/    6961 : CF                  		rst 1				;Since I am halting anyway.
      48/    6962 :                     
      49/    6962 :                     ;Last address used by the program	1B3Dh == 6973
 AS V1.42 Beta [Bld 56] - source file ADDMULTIBCD.ASM - page 2 - 2/13/2008 19:01:51


  symbol table (* = unused):
  ------------------------

 ADD_NEXT :                    6953 C | *ARCHITECTURE :  i386-unknown-win32 - |
*BIGENDIAN :                      0 - | *BRANCHEXT :                      0 - |
*CASESENSITIVE :                  0 - | *CONSTPI :        3.141592653589793 - |
*DATE :                   2/13/2008 - | *FALSE :                          0 - |
*FULLPMMU :                       1 - | *HAS64 :                          1 - |
*HASDSP :                         0 - | *HASFPU :                         0 - |
*HASPMMU :                        0 - | *INEXTMODE :                      0 - |
*INLWORDMODE :                    0 - | *INMAXMODE :                      0 - |
*INSRCMODE :                      0 - | *INSUPMODE :                      0 - |
*LISTON :                         1 - | *MACEXP :                         1 - |
*MOMCPU :                      8085 - | *MOMCPUNAME :                  8085 - |
*NESTMAX :                      100 - | *PACKING :                        0 - |
*PADDING :                        1 - | *RELAXED :                        0 - |
*START :                       6940 C | *TIME :                    19:01:51 - |
*TRUE :                           1 - | *VERSION :                     142F - |

     30 symbols
     29 unused symbols

 AS V1.42 Beta [Bld 56] - source file ADDMULTIBCD.ASM - page 3 - 2/13/2008 19:01:51


  codepages:
  ----------

STANDARD (0 changed characters)


0.05 seconds assembly time

     49 lines source file
      1 pass
      0 errors
      0 warnings
