 AS V1.42 Beta [Bld 56] - source file CLR.asm - page 1 - 2/13/2008 19:01:42


       1/       0 :                     		cpu 8085
       2/       0 :                     		
       3/       0 :                     ; Program to clear memory locations from 2101.
       4/       0 :                     ; How many locations are to be cleared is indicated by
       5/       0 :                     ; one byte stored at location 2100
       6/       0 :                     
       7/    6565 :                     		org 6565h		;1 bytes space after end of last program
       8/    6565 :                     	start:
       9/    6565 : 21 00 21            		lxi h,2100h		;Load pointer to one byte before first location.
      10/    6568 : 4E                  		mov c,m			;Load C with counter
      11/    6569 : AF                  		xra a			;Zero out A register by Xoring with itself.
      12/    656A :                     	loop:
      13/    656A : 23                  		inx h			;Point to first memory location to be cleared.
      14/    656B : 77                  		mov m,a
      15/    656C : 0D                  		dcr c			;Decrement counter
      16/    656D : C2 6A 65            		jnz loop		;If counter not Zero goto loop 
      17/    6570 : CF                  		rst 1				;Stop
      18/    6571 :                     		
      19/    6571 :                     ;Last address used by the program 19B0h == 6576
 AS V1.42 Beta [Bld 56] - source file CLR.asm - page 2 - 2/13/2008 19:01:42


  symbol table (* = unused):
  ------------------------

*ARCHITECTURE :  i386-unknown-win32 - | *BIGENDIAN :                      0 - |
*BRANCHEXT :                      0 - | *CASESENSITIVE :                  0 - |
*CONSTPI :        3.141592653589793 - | *DATE :                   2/13/2008 - |
*FALSE :                          0 - | *FULLPMMU :                       1 - |
*HAS64 :                          1 - | *HASDSP :                         0 - |
*HASFPU :                         0 - | *HASPMMU :                        0 - |
*INEXTMODE :                      0 - | *INLWORDMODE :                    0 - |
*INMAXMODE :                      0 - | *INSRCMODE :                      0 - |
*INSUPMODE :                      0 - | *LISTON :                         1 - |
 LOOP :                        656A C | *MACEXP :                         1 - |
*MOMCPU :                      8085 - | *MOMCPUNAME :                  8085 - |
*NESTMAX :                      100 - | *PACKING :                        0 - |
*PADDING :                        1 - | *RELAXED :                        0 - |
*START :                       6565 C | *TIME :                    19:01:42 - |
*TRUE :                           1 - | *VERSION :                     142F - |

     30 symbols
     29 unused symbols

 AS V1.42 Beta [Bld 56] - source file CLR.asm - page 3 - 2/13/2008 19:01:42


  codepages:
  ----------

STANDARD (0 changed characters)


0.00 seconds assembly time

     19 lines source file
      1 pass
      0 errors
      0 warnings
