 AS V1.42 Beta [Bld 56] - source file CPYBYTS.ASM - page 1 - 2/13/2008 19:01:34


       1/       0 :                     	cpu 8085
       2/       0 :                     	
       3/       0 :                     ; Location 2100 specifies the number of bytes to copy.
       4/       0 :                     ; Program to copy specified bytes of data from location 2101 onwards
       5/       0 :                     ; to location 2120 onwards.	Maximum 32 bytes can be specified (2120-2100)
       6/       0 :                     ; = 20h = 32
       7/       0 :                     	
       8/    6715 :                     	org 6715h			;Four bytes blank after previous program
       9/    6715 :                     	start:
      10/    6715 : 21 00 21            		lxi h,2100h		;specifies the number of bytes to copy.
      11/    6718 : 4E                  		mov c,m	
      12/    6719 : 23                          inx h		;Get first byte to copy
      13/    671A : 11 21 21            		lxi d,2121h		;Load destination address
      14/    671D :                     	copy_next:
      15/    671D : 7E                  		mov a,m			;Get byte to copy
      16/    671E : 12                  		stax d			;Store to destination
      17/    671F : 23                  		inx h
      18/    6720 : 13                  		inx d
      19/    6721 : 0D                  		dcr c
      20/    6722 : C2 1D 67            		jnz copy_next	;Copy all bytes
      21/    6725 : CF                  		rst 1
      22/    6726 :                     
      23/    6726 :                     ;Last address used by program 1A4Ah == 6730	
 AS V1.42 Beta [Bld 56] - source file CPYBYTS.ASM - page 2 - 2/13/2008 19:01:34


  symbol table (* = unused):
  ------------------------

*ARCHITECTURE :  i386-unknown-win32 - | *BIGENDIAN :                      0 - |
*BRANCHEXT :                      0 - | *CASESENSITIVE :                  0 - |
*CONSTPI :        3.141592653589793 - |  COPY_NEXT :                   671D C |
*DATE :                   2/13/2008 - | *FALSE :                          0 - |
*FULLPMMU :                       1 - | *HAS64 :                          1 - |
*HASDSP :                         0 - | *HASFPU :                         0 - |
*HASPMMU :                        0 - | *INEXTMODE :                      0 - |
*INLWORDMODE :                    0 - | *INMAXMODE :                      0 - |
*INSRCMODE :                      0 - | *INSUPMODE :                      0 - |
*LISTON :                         1 - | *MACEXP :                         1 - |
*MOMCPU :                      8085 - | *MOMCPUNAME :                  8085 - |
*NESTMAX :                      100 - | *PACKING :                        0 - |
*PADDING :                        1 - | *RELAXED :                        0 - |
*START :                       6715 C | *TIME :                    19:01:34 - |
*TRUE :                           1 - | *VERSION :                     142F - |

     30 symbols
     29 unused symbols

 AS V1.42 Beta [Bld 56] - source file CPYBYTS.ASM - page 3 - 2/13/2008 19:01:34


  codepages:
  ----------

STANDARD (0 changed characters)


0.00 seconds assembly time

     23 lines source file
      1 pass
      0 errors
      0 warnings
